<?xml version="1.0" encoding="UTF-8"?>
<testsuite name="prisMotor.PrisMotorControllerTest" tests="2" skipped="0" failures="0" errors="0" timestamp="2017-08-19T19:55:35" hostname="torefa-K53SV" time="0.129">
  <properties/>
  <testcase name="getPris" classname="prisMotor.PrisMotorControllerTest" time="0.118"/>
  <testcase name="getLists" classname="prisMotor.PrisMotorControllerTest" time="0.009"/>
  <system-out><![CDATA[21:55:32.205 [Test worker] DEBUG org.springframework.test.context.junit4.SpringJUnit4ClassRunner - SpringJUnit4ClassRunner constructor called with [class prisMotor.PrisMotorControllerTest]
21:55:32.213 [Test worker] DEBUG org.springframework.test.context.BootstrapUtils - Instantiating CacheAwareContextLoaderDelegate from class [org.springframework.test.context.cache.DefaultCacheAwareContextLoaderDelegate]
21:55:32.225 [Test worker] DEBUG org.springframework.test.context.BootstrapUtils - Instantiating BootstrapContext using constructor [public org.springframework.test.context.support.DefaultBootstrapContext(java.lang.Class,org.springframework.test.context.CacheAwareContextLoaderDelegate)]
21:55:32.264 [Test worker] DEBUG org.springframework.test.context.BootstrapUtils - Instantiating TestContextBootstrapper for test class [prisMotor.PrisMotorControllerTest] from class [org.springframework.boot.test.context.SpringBootTestContextBootstrapper]
21:55:32.293 [Test worker] INFO org.springframework.boot.test.context.SpringBootTestContextBootstrapper - Neither @ContextConfiguration nor @ContextHierarchy found for test class [prisMotor.PrisMotorControllerTest], using SpringBootContextLoader
21:55:32.299 [Test worker] DEBUG org.springframework.test.context.support.AbstractContextLoader - Did not detect default resource location for test class [prisMotor.PrisMotorControllerTest]: class path resource [prisMotor/PrisMotorControllerTest-context.xml] does not exist
21:55:32.302 [Test worker] DEBUG org.springframework.test.context.support.AbstractContextLoader - Did not detect default resource location for test class [prisMotor.PrisMotorControllerTest]: class path resource [prisMotor/PrisMotorControllerTestContext.groovy] does not exist
21:55:32.303 [Test worker] INFO org.springframework.test.context.support.AbstractContextLoader - Could not detect default resource locations for test class [prisMotor.PrisMotorControllerTest]: no resource found for suffixes {-context.xml, Context.groovy}.
21:55:32.304 [Test worker] INFO org.springframework.test.context.support.AnnotationConfigContextLoaderUtils - Could not detect default configuration classes for test class [prisMotor.PrisMotorControllerTest]: PrisMotorControllerTest does not declare any static, non-private, non-final, nested classes annotated with @Configuration.
21:55:32.388 [Test worker] DEBUG org.springframework.test.context.support.ActiveProfilesUtils - Could not find an 'annotation declaring class' for annotation type [org.springframework.test.context.ActiveProfiles] and class [prisMotor.PrisMotorControllerTest]
21:55:32.397 [Test worker] DEBUG org.springframework.core.env.StandardEnvironment - Adding [systemProperties] PropertySource with lowest search precedence
21:55:32.398 [Test worker] DEBUG org.springframework.core.env.StandardEnvironment - Adding [systemEnvironment] PropertySource with lowest search precedence
21:55:32.399 [Test worker] DEBUG org.springframework.core.env.StandardEnvironment - Initialized StandardEnvironment with PropertySources [systemProperties,systemEnvironment]
21:55:32.411 [Test worker] DEBUG org.springframework.core.io.support.PathMatchingResourcePatternResolver - Resolved classpath location [prisMotor/] to resources [URL [file:/home/torefa/workspace/OppgaveDriw/build/classes/test/prisMotor/], URL [file:/home/torefa/workspace/OppgaveDriw/build/classes/main/prisMotor/]]
21:55:32.412 [Test worker] DEBUG org.springframework.core.io.support.PathMatchingResourcePatternResolver - Looking for matching resources in directory tree [/home/torefa/workspace/OppgaveDriw/build/classes/test/prisMotor]
21:55:32.412 [Test worker] DEBUG org.springframework.core.io.support.PathMatchingResourcePatternResolver - Searching directory [/home/torefa/workspace/OppgaveDriw/build/classes/test/prisMotor] for files matching pattern [/home/torefa/workspace/OppgaveDriw/build/classes/test/prisMotor/*.class]
21:55:32.416 [Test worker] DEBUG org.springframework.core.io.support.PathMatchingResourcePatternResolver - Looking for matching resources in directory tree [/home/torefa/workspace/OppgaveDriw/build/classes/main/prisMotor]
21:55:32.417 [Test worker] DEBUG org.springframework.core.io.support.PathMatchingResourcePatternResolver - Searching directory [/home/torefa/workspace/OppgaveDriw/build/classes/main/prisMotor] for files matching pattern [/home/torefa/workspace/OppgaveDriw/build/classes/main/prisMotor/*.class]
21:55:32.419 [Test worker] DEBUG org.springframework.core.io.support.PathMatchingResourcePatternResolver - Resolved location pattern [classpath*:prisMotor/*.class] to resources [file [/home/torefa/workspace/OppgaveDriw/build/classes/test/prisMotor/BestillingsTest.class], file [/home/torefa/workspace/OppgaveDriw/build/classes/test/prisMotor/PrisMotorControllerTest.class], file [/home/torefa/workspace/OppgaveDriw/build/classes/main/prisMotor/Bestilling.class], file [/home/torefa/workspace/OppgaveDriw/build/classes/main/prisMotor/JspSampleApplication.class], file [/home/torefa/workspace/OppgaveDriw/build/classes/main/prisMotor/PrisMotor.class], file [/home/torefa/workspace/OppgaveDriw/build/classes/main/prisMotor/ServletInitializer.class]]
21:55:32.468 [Test worker] DEBUG org.springframework.context.annotation.ClassPathScanningCandidateComponentProvider - Identified candidate component class: file [/home/torefa/workspace/OppgaveDriw/build/classes/main/prisMotor/JspSampleApplication.class]
21:55:32.469 [Test worker] INFO org.springframework.boot.test.context.SpringBootTestContextBootstrapper - Found @SpringBootConfiguration prisMotor.JspSampleApplication for test class prisMotor.PrisMotorControllerTest
21:55:32.474 [Test worker] DEBUG org.springframework.boot.test.context.SpringBootTestContextBootstrapper - @TestExecutionListeners is not present for class [prisMotor.PrisMotorControllerTest]: using defaults.
21:55:32.477 [Test worker] INFO org.springframework.boot.test.context.SpringBootTestContextBootstrapper - Loaded default TestExecutionListener class names from location [META-INF/spring.factories]: [org.springframework.boot.test.mock.mockito.MockitoTestExecutionListener, org.springframework.boot.test.mock.mockito.ResetMocksTestExecutionListener, org.springframework.boot.test.autoconfigure.restdocs.RestDocsTestExecutionListener, org.springframework.boot.test.autoconfigure.web.client.MockRestServiceServerResetTestExecutionListener, org.springframework.boot.test.autoconfigure.web.servlet.MockMvcPrintOnlyOnFailureTestExecutionListener, org.springframework.boot.test.autoconfigure.web.servlet.WebDriverTestExecutionListener, org.springframework.test.context.web.ServletTestExecutionListener, org.springframework.test.context.support.DirtiesContextBeforeModesTestExecutionListener, org.springframework.test.context.support.DependencyInjectionTestExecutionListener, org.springframework.test.context.support.DirtiesContextTestExecutionListener, org.springframework.test.context.transaction.TransactionalTestExecutionListener, org.springframework.test.context.jdbc.SqlScriptsTestExecutionListener]
21:55:32.490 [Test worker] INFO org.springframework.boot.test.context.SpringBootTestContextBootstrapper - Could not instantiate TestExecutionListener [org.springframework.test.context.jdbc.SqlScriptsTestExecutionListener]. Specify custom listener classes or make the default listener classes (and their required dependencies) available. Offending class: [org/springframework/transaction/interceptor/TransactionAttribute]
21:55:32.492 [Test worker] INFO org.springframework.boot.test.context.SpringBootTestContextBootstrapper - Could not instantiate TestExecutionListener [org.springframework.test.context.transaction.TransactionalTestExecutionListener]. Specify custom listener classes or make the default listener classes (and their required dependencies) available. Offending class: [org/springframework/transaction/TransactionDefinition]
21:55:32.493 [Test worker] INFO org.springframework.boot.test.context.SpringBootTestContextBootstrapper - Using TestExecutionListeners: [org.springframework.test.context.web.ServletTestExecutionListener@6292a382, org.springframework.test.context.support.DirtiesContextBeforeModesTestExecutionListener@1e3bff4f, org.springframework.boot.test.autoconfigure.SpringBootDependencyInjectionTestExecutionListener@18b7c65c, org.springframework.test.context.support.DirtiesContextTestExecutionListener@1d91d92b, org.springframework.boot.test.autoconfigure.web.client.MockRestServiceServerResetTestExecutionListener@6ae8f7a8, org.springframework.boot.test.autoconfigure.restdocs.RestDocsTestExecutionListener@2be8bc3d, org.springframework.boot.test.mock.mockito.MockitoTestExecutionListener@d4b0a3a, org.springframework.boot.test.autoconfigure.web.servlet.WebDriverTestExecutionListener@1e00c239, org.springframework.boot.test.mock.mockito.ResetMocksTestExecutionListener@337833e6, org.springframework.boot.test.autoconfigure.web.servlet.MockMvcPrintOnlyOnFailureTestExecutionListener@5d9f78e0]
21:55:32.496 [Test worker] DEBUG org.springframework.test.annotation.ProfileValueUtils - Retrieved @ProfileValueSourceConfiguration [null] for test class [prisMotor.PrisMotorControllerTest]
21:55:32.497 [Test worker] DEBUG org.springframework.test.annotation.ProfileValueUtils - Retrieved ProfileValueSource type [class org.springframework.test.annotation.SystemProfileValueSource] for class [prisMotor.PrisMotorControllerTest]
21:55:32.498 [Test worker] DEBUG org.springframework.test.annotation.ProfileValueUtils - Retrieved @ProfileValueSourceConfiguration [null] for test class [prisMotor.PrisMotorControllerTest]
21:55:32.499 [Test worker] DEBUG org.springframework.test.annotation.ProfileValueUtils - Retrieved ProfileValueSource type [class org.springframework.test.annotation.SystemProfileValueSource] for class [prisMotor.PrisMotorControllerTest]
21:55:32.504 [Test worker] DEBUG org.springframework.test.context.support.AbstractDirtiesContextTestExecutionListener - Before test class: context [DefaultTestContext@1ecf086a testClass = PrisMotorControllerTest, testInstance = [null], testMethod = [null], testException = [null], mergedContextConfiguration = [WebMergedContextConfiguration@7890dd61 testClass = PrisMotorControllerTest, locations = '{}', classes = '{class prisMotor.JspSampleApplication}', contextInitializerClasses = '[]', activeProfiles = '{}', propertySourceLocations = '{}', propertySourceProperties = '{org.springframework.boot.test.context.SpringBootTestContextBootstrapper=true}', contextCustomizers = set[[ImportsContextCustomizer@77221f94 key = [org.springframework.boot.test.autoconfigure.web.servlet.MockMvcAutoConfiguration, org.springframework.boot.test.autoconfigure.web.servlet.MockMvcSecurityAutoConfiguration, org.springframework.boot.test.autoconfigure.web.servlet.MockMvcWebClientAutoConfiguration, org.springframework.boot.test.autoconfigure.web.servlet.MockMvcWebDriverAutoConfiguration]], org.springframework.boot.test.context.SpringBootTestContextCustomizer@4664e5da, org.springframework.boot.test.context.filter.ExcludeFilterContextCustomizer@528091c6, org.springframework.boot.test.json.DuplicateJsonObjectContextCustomizerFactory$DuplicateJsonObjectContextCustomizer@657815c0, org.springframework.boot.test.mock.mockito.MockitoContextCustomizer@0, org.springframework.boot.test.autoconfigure.properties.PropertyMappingContextCustomizer@e7e8512, org.springframework.boot.test.autoconfigure.web.servlet.WebDriverContextCustomizerFactory$Customizer@4e0033c2], resourceBasePath = 'src/main/webapp', contextLoader = 'org.springframework.boot.test.context.SpringBootContextLoader', parent = [null]]], class annotated with @DirtiesContext [false] with mode [null].
21:55:32.505 [Test worker] DEBUG org.springframework.test.annotation.ProfileValueUtils - Retrieved @ProfileValueSourceConfiguration [null] for test class [prisMotor.PrisMotorControllerTest]
21:55:32.505 [Test worker] DEBUG org.springframework.test.annotation.ProfileValueUtils - Retrieved ProfileValueSource type [class org.springframework.test.annotation.SystemProfileValueSource] for class [prisMotor.PrisMotorControllerTest]
21:55:32.570 [Test worker] DEBUG org.springframework.core.env.StandardEnvironment - Adding [systemProperties] PropertySource with lowest search precedence
21:55:32.570 [Test worker] DEBUG org.springframework.core.env.StandardEnvironment - Adding [systemEnvironment] PropertySource with lowest search precedence
21:55:32.570 [Test worker] DEBUG org.springframework.core.env.StandardEnvironment - Initialized StandardEnvironment with PropertySources [systemProperties,systemEnvironment]
21:55:32.572 [Test worker] DEBUG org.springframework.core.env.MutablePropertySources - Adding [inline] PropertySource with highest search precedence
21:55:32.580 [Test worker] DEBUG org.springframework.test.context.support.TestPropertySourceUtils - Adding inlined properties to environment: {spring.jmx.enabled=false, org.springframework.boot.test.context.SpringBootTestContextBootstrapper=true, server.port=-1}
21:55:32.580 [Test worker] DEBUG org.springframework.core.env.StandardEnvironment - Adding [Inlined Test Properties] PropertySource with highest search precedence

  .   ____          _            __ _ _
 /\\ / ___'_ __ _ _(_)_ __  __ _ \ \ \ \
( ( )\___ | '_ | '_| | '_ \/ _` | \ \ \ \
 \\/  ___)| |_)| | | | | || (_| |  ) ) ) )
  '  |____| .__|_| |_|_| |_\__, | / / / /
 =========|_|==============|___/=/_/_/_/
 :: Spring Boot ::        (v1.5.6.RELEASE)

2017-08-19 21:55:32.998  INFO 22833 --- [    Test worker] prisMotor.PrisMotorControllerTest        : Starting PrisMotorControllerTest on torefa-K53SV with PID 22833 (started by torefa in /home/torefa/workspace/OppgaveDriw)
2017-08-19 21:55:33.000  INFO 22833 --- [    Test worker] prisMotor.PrisMotorControllerTest        : No active profile set, falling back to default profiles: default
2017-08-19 21:55:33.043  INFO 22833 --- [    Test worker] o.s.w.c.s.GenericWebApplicationContext   : Refreshing org.springframework.web.context.support.GenericWebApplicationContext@4350118b: startup date [Sat Aug 19 21:55:33 CEST 2017]; root of context hierarchy
2017-08-19 21:55:34.671  INFO 22833 --- [    Test worker] o.s.b.t.m.w.SpringBootMockServletContext : Initializing Spring FrameworkServlet ''
2017-08-19 21:55:34.672  INFO 22833 --- [    Test worker] o.s.t.web.servlet.TestDispatcherServlet  : FrameworkServlet '': initialization started
2017-08-19 21:55:34.855  INFO 22833 --- [    Test worker] s.w.s.m.m.a.RequestMappingHandlerMapping : Mapped "{[/],methods=[GET]}" onto public org.springframework.web.servlet.ModelAndView prisMotor.web.PrisMotorController.produktListe()
2017-08-19 21:55:34.856  INFO 22833 --- [    Test worker] s.w.s.m.m.a.RequestMappingHandlerMapping : Mapped "{[/kalkulator],methods=[GET]}" onto public org.springframework.web.servlet.ModelAndView prisMotor.web.PrisMotorController.showForm()
2017-08-19 21:55:34.857  INFO 22833 --- [    Test worker] s.w.s.m.m.a.RequestMappingHandlerMapping : Mapped "{[/kalkulator],methods=[POST]}" onto public java.lang.String prisMotor.web.PrisMotorController.submit(prisMotor.Bestilling,org.springframework.validation.BindingResult,org.springframework.ui.ModelMap)
2017-08-19 21:55:34.867  INFO 22833 --- [    Test worker] s.w.s.m.m.a.RequestMappingHandlerMapping : Mapped "{[/error],produces=[text/html]}" onto public org.springframework.web.servlet.ModelAndView org.springframework.boot.autoconfigure.web.BasicErrorController.errorHtml(javax.servlet.http.HttpServletRequest,javax.servlet.http.HttpServletResponse)
2017-08-19 21:55:34.869  INFO 22833 --- [    Test worker] s.w.s.m.m.a.RequestMappingHandlerMapping : Mapped "{[/error]}" onto public org.springframework.http.ResponseEntity<java.util.Map<java.lang.String, java.lang.Object>> org.springframework.boot.autoconfigure.web.BasicErrorController.error(javax.servlet.http.HttpServletRequest)
2017-08-19 21:55:34.919  INFO 22833 --- [    Test worker] o.s.w.s.handler.SimpleUrlHandlerMapping  : Mapped URL path [/webjars/**] onto handler of type [class org.springframework.web.servlet.resource.ResourceHttpRequestHandler]
2017-08-19 21:55:34.920  INFO 22833 --- [    Test worker] o.s.w.s.handler.SimpleUrlHandlerMapping  : Mapped URL path [/**] onto handler of type [class org.springframework.web.servlet.resource.ResourceHttpRequestHandler]
2017-08-19 21:55:34.947  INFO 22833 --- [    Test worker] o.s.w.s.handler.SimpleUrlHandlerMapping  : Mapped URL path [/**/favicon.ico] onto handler of type [class org.springframework.web.servlet.resource.ResourceHttpRequestHandler]
2017-08-19 21:55:35.196  INFO 22833 --- [    Test worker] s.w.s.m.m.a.RequestMappingHandlerAdapter : Looking for @ControllerAdvice: org.springframework.web.context.support.GenericWebApplicationContext@4350118b: startup date [Sat Aug 19 21:55:33 CEST 2017]; root of context hierarchy
2017-08-19 21:55:35.389  INFO 22833 --- [    Test worker] o.s.t.web.servlet.TestDispatcherServlet  : FrameworkServlet '': initialization completed in 717 ms
2017-08-19 21:55:35.651  INFO 22833 --- [    Test worker] prisMotor.PrisMotorControllerTest        : Started PrisMotorControllerTest in 3.061 seconds (JVM running for 4.268)
PrisMotorController
]]></system-out>
  <system-err><![CDATA[]]></system-err>
</testsuite>
